ERROR - 2025-09-04 05:48:11 --> mysqli_sql_exception: Unknown table 'lms_provido.submissions' in C:\xampp\htdocs\ITE311-PROVIDO\system\Database\MySQLi\Connection.php:327
Stack trace:
#0 C:\xampp\htdocs\ITE311-PROVIDO\system\Database\MySQLi\Connection.php(327): mysqli->query('DROP TABLE `sub...', 0)
#1 C:\xampp\htdocs\ITE311-PROVIDO\system\Database\BaseConnection.php(729): CodeIgniter\Database\MySQLi\Connection->execute('DROP TABLE `sub...')
#2 C:\xampp\htdocs\ITE311-PROVIDO\system\Database\BaseConnection.php(646): CodeIgniter\Database\BaseConnection->simpleQuery('DROP TABLE `sub...')
#3 C:\xampp\htdocs\ITE311-PROVIDO\system\Database\Forge.php(663): CodeIgniter\Database\BaseConnection->query('DROP TABLE `sub...')
#4 C:\xampp\htdocs\ITE311-PROVIDO\app\Database\Migrations\2025-09-04-053234_CreateSubmissionsTable.php(44): CodeIgniter\Database\Forge->dropTable('submissions')
#5 C:\xampp\htdocs\ITE311-PROVIDO\system\Database\MigrationRunner.php(876): App\Database\Migrations\CreateSubmissionsTable->down()
#6 C:\xampp\htdocs\ITE311-PROVIDO\system\Database\MigrationRunner.php(289): CodeIgniter\Database\MigrationRunner->migrate('down', Object(stdClass))
#7 C:\xampp\htdocs\ITE311-PROVIDO\system\Commands\Database\MigrateRollback.php(101): CodeIgniter\Database\MigrationRunner->regress(0)
#8 C:\xampp\htdocs\ITE311-PROVIDO\system\CLI\Commands.php(74): CodeIgniter\Commands\Database\MigrateRollback->run(Array)
#9 C:\xampp\htdocs\ITE311-PROVIDO\system\CLI\Console.php(47): CodeIgniter\CLI\Commands->run('migrate:rollbac...', Array)
#10 C:\xampp\htdocs\ITE311-PROVIDO\system\Boot.php(388): CodeIgniter\CLI\Console->run()
#11 C:\xampp\htdocs\ITE311-PROVIDO\system\Boot.php(133): CodeIgniter\Boot::runCommand(Object(CodeIgniter\CLI\Console))
#12 C:\xampp\htdocs\ITE311-PROVIDO\spark(87): CodeIgniter\Boot::bootSpark(Object(Config\Paths))
#13 {main}
ERROR - 2025-09-04 05:49:15 --> mysqli_sql_exception: Unknown table 'lms_provido.submissions' in C:\xampp\htdocs\ITE311-PROVIDO\system\Database\MySQLi\Connection.php:327
Stack trace:
#0 C:\xampp\htdocs\ITE311-PROVIDO\system\Database\MySQLi\Connection.php(327): mysqli->query('DROP TABLE `sub...', 0)
#1 C:\xampp\htdocs\ITE311-PROVIDO\system\Database\BaseConnection.php(729): CodeIgniter\Database\MySQLi\Connection->execute('DROP TABLE `sub...')
#2 C:\xampp\htdocs\ITE311-PROVIDO\system\Database\BaseConnection.php(646): CodeIgniter\Database\BaseConnection->simpleQuery('DROP TABLE `sub...')
#3 C:\xampp\htdocs\ITE311-PROVIDO\system\Database\Forge.php(663): CodeIgniter\Database\BaseConnection->query('DROP TABLE `sub...')
#4 C:\xampp\htdocs\ITE311-PROVIDO\app\Database\Migrations\2025-09-04-053234_CreateSubmissionsTable.php(44): CodeIgniter\Database\Forge->dropTable('submissions')
#5 C:\xampp\htdocs\ITE311-PROVIDO\system\Database\MigrationRunner.php(876): App\Database\Migrations\CreateSubmissionsTable->down()
#6 C:\xampp\htdocs\ITE311-PROVIDO\system\Database\MigrationRunner.php(289): CodeIgniter\Database\MigrationRunner->migrate('down', Object(stdClass))
#7 C:\xampp\htdocs\ITE311-PROVIDO\system\Commands\Database\MigrateRollback.php(101): CodeIgniter\Database\MigrationRunner->regress(0)
#8 C:\xampp\htdocs\ITE311-PROVIDO\system\CLI\Commands.php(74): CodeIgniter\Commands\Database\MigrateRollback->run(Array)
#9 C:\xampp\htdocs\ITE311-PROVIDO\system\CLI\BaseCommand.php(119): CodeIgniter\CLI\Commands->run('migrate:rollbac...', Array)
#10 C:\xampp\htdocs\ITE311-PROVIDO\system\Commands\Database\MigrateRefresh.php(86): CodeIgniter\CLI\BaseCommand->call('migrate:rollbac...', Array)
#11 C:\xampp\htdocs\ITE311-PROVIDO\system\CLI\Commands.php(74): CodeIgniter\Commands\Database\MigrateRefresh->run(Array)
#12 C:\xampp\htdocs\ITE311-PROVIDO\system\CLI\Console.php(47): CodeIgniter\CLI\Commands->run('migrate:refresh', Array)
#13 C:\xampp\htdocs\ITE311-PROVIDO\system\Boot.php(388): CodeIgniter\CLI\Console->run()
#14 C:\xampp\htdocs\ITE311-PROVIDO\system\Boot.php(133): CodeIgniter\Boot::runCommand(Object(CodeIgniter\CLI\Console))
#15 C:\xampp\htdocs\ITE311-PROVIDO\spark(87): CodeIgniter\Boot::bootSpark(Object(Config\Paths))
#16 {main}
